2025-02-23 09:30:31,147 - main - INFO - Logger is working!
2025-02-23 09:31:14,014 - main - DEBUG - Starting monitor_dau_task with payload: {"channel_id":"0195204d-4679-75ff-8d14-3fbed758cb3d","return_url":"https://ping.telex.im/v1/return/0195204d-4679-75ff-8d14-3fbed758cb3d","settings":[{"label":"site-1","type":"text","required":true,"default":"https://portfolio-wahz.onrender.com"},{"label":"frontend-site","type":"text","required":true,"default":"https://salam-portfolio-three.vercel.app/"},{"label":"interval","type":"text","required":true,"default":"* * * * *"}]}
2025-02-23 09:31:14,016 - main - DEBUG - Extracted sites: ['https://portfolio-wahz.onrender.com']
2025-02-23 09:31:14,018 - main - DEBUG - Frontend URL: https://salam-portfolio-three.vercel.app/
2025-02-23 09:31:14,018 - main - DEBUG - Starting DAU data fetch for all sites
2025-02-23 09:31:16,512 - httpcore.connection - DEBUG - connect_tcp.started host='portfolio-wahz.onrender.com' port=443 local_address=None timeout=10 socket_options=None
2025-02-23 09:31:17,967 - httpcore.connection - DEBUG - connect_tcp.complete return_value=<httpcore._backends.anyio.AnyIOStream object at 0x000002062E0D5910>
2025-02-23 09:31:17,968 - httpcore.connection - DEBUG - start_tls.started ssl_context=<ssl.SSLContext object at 0x000002062E0D0BD0> server_hostname='portfolio-wahz.onrender.com' timeout=10
2025-02-23 09:31:18,319 - httpcore.connection - DEBUG - start_tls.complete return_value=<httpcore._backends.anyio.AnyIOStream object at 0x000002062DC6DAF0>
2025-02-23 09:31:18,324 - httpcore.http11 - DEBUG - send_request_headers.started request=<Request [b'GET']>
2025-02-23 09:31:18,328 - httpcore.http11 - DEBUG - send_request_headers.complete
2025-02-23 09:31:18,330 - httpcore.http11 - DEBUG - send_request_body.started request=<Request [b'GET']>
2025-02-23 09:31:18,341 - httpcore.http11 - DEBUG - send_request_body.complete
2025-02-23 09:31:18,357 - httpcore.http11 - DEBUG - receive_response_headers.started request=<Request [b'GET']>
2025-02-23 09:31:18,682 - httpcore.http11 - DEBUG - receive_response_headers.complete return_value=(b'HTTP/1.1', 200, b'OK', [(b'Date', b'Sun, 23 Feb 2025 08:31:19 GMT'), (b'Content-Type', b'application/json'), (b'Transfer-Encoding', b'chunked'), (b'Connection', b'keep-alive'), (b'CF-Ray', b'9165dbe45903657c-LHR'), (b'CF-Cache-Status', b'DYNAMIC'), (b'Vary', b'Accept-Encoding'), (b'rndr-id', b'9d16b591-bb81-4684'), (b'x-render-origin-server', b'uvicorn'), (b'Server', b'cloudflare'), (b'Content-Encoding', b'gzip'), (b'alt-svc', b'h3=":443"; ma=86400')])
2025-02-23 09:31:18,692 - httpx - INFO - HTTP Request: GET https://portfolio-wahz.onrender.com/api/analytics/daily "HTTP/1.1 200 OK"
2025-02-23 09:31:18,699 - httpcore.http11 - DEBUG - receive_response_body.started request=<Request [b'GET']>
2025-02-23 09:31:18,706 - httpcore.http11 - DEBUG - receive_response_body.complete
2025-02-23 09:31:18,710 - httpcore.http11 - DEBUG - response_closed.started
2025-02-23 09:31:18,719 - httpcore.http11 - DEBUG - response_closed.complete
2025-02-23 09:31:18,723 - httpcore.connection - DEBUG - close.started
2025-02-23 09:31:18,727 - httpcore.connection - DEBUG - close.complete
2025-02-23 09:31:18,737 - main - DEBUG - DAU fetch results: [DAUResponse(site='https://portfolio-wahz.onrender.com', dau=10, error=None, timestamp=datetime.datetime(2025, 2, 23, 9, 31, 18, 722712))]
2025-02-23 09:31:18,740 - main - DEBUG - Processing result 0: site='https://portfolio-wahz.onrender.com' dau=10 error=None timestamp=datetime.datetime(2025, 2, 23, 9, 31, 18, 722712)
2025-02-23 09:31:18,755 - main - DEBUG - Added message line: Site: https://portfolio-wahz.onrender.com
DAU: 10
Frontend URL: https://salam-portfolio-three.vercel.app/
Timestamp: 2025-02-23 09:31:18.722712
2025-02-23 09:31:18,792 - main - INFO - Final status: success
2025-02-23 09:31:18,805 - main - DEBUG - Sending final payload: {
  "message": "Site: https://portfolio-wahz.onrender.com\nDAU: 10\nFrontend URL: https://salam-portfolio-three.vercel.app/\nTimestamp: 2025-02-23 09:31:18.722712",
  "username": "DAU Monitor",
  "event_name": "Daily Active Users Report",
  "status": "success",
  "timestamp": "2025-02-23T09:31:18.800079"
}
2025-02-23 09:31:20,179 - main - DEBUG - Posting to return URL: https://ping.telex.im/v1/return/0195204d-4679-75ff-8d14-3fbed758cb3d
2025-02-23 09:31:20,182 - httpcore.connection - DEBUG - connect_tcp.started host='ping.telex.im' port=443 local_address=None timeout=5.0 socket_options=None
2025-02-23 09:31:20,633 - httpcore.connection - DEBUG - connect_tcp.complete return_value=<httpcore._backends.anyio.AnyIOStream object at 0x000002062DFA5940>
2025-02-23 09:31:20,636 - httpcore.connection - DEBUG - start_tls.started ssl_context=<ssl.SSLContext object at 0x000002062E0D1D50> server_hostname='ping.telex.im' timeout=5.0
2025-02-23 09:31:20,861 - httpcore.connection - DEBUG - start_tls.complete return_value=<httpcore._backends.anyio.AnyIOStream object at 0x000002062DFA5AF0>
2025-02-23 09:31:20,868 - httpcore.http11 - DEBUG - send_request_headers.started request=<Request [b'POST']>
2025-02-23 09:31:20,873 - httpcore.http11 - DEBUG - send_request_headers.complete
2025-02-23 09:31:20,876 - httpcore.http11 - DEBUG - send_request_body.started request=<Request [b'POST']>
2025-02-23 09:31:20,881 - httpcore.http11 - DEBUG - send_request_body.complete
2025-02-23 09:31:20,887 - httpcore.http11 - DEBUG - receive_response_headers.started request=<Request [b'POST']>
2025-02-23 09:31:21,065 - httpcore.http11 - DEBUG - receive_response_headers.complete return_value=(b'HTTP/1.1', 202, b'Accepted', [(b'Server', b'nginx/1.26.2'), (b'Date', b'Sun, 23 Feb 2025 08:31:22 GMT'), (b'Content-Type', b'application/json'), (b'Content-Length', b'82'), (b'Connection', b'keep-alive'), (b'Access-Control-Allow-Origin', b'*'), (b'Access-Control-Allow-Methods', b'GET, POST, OPTIONS'), (b'Access-Control-Allow-Headers', b'DNT,User-Agent,X-Requested-With,If-Modified-Since,Cache-Control,Content-Type,Range,Authorization'), (b'Access-Control-Expose-Headers', b'Content-Length,Content-Range')])
2025-02-23 09:31:21,073 - httpx - INFO - HTTP Request: POST https://ping.telex.im/v1/return/0195204d-4679-75ff-8d14-3fbed758cb3d "HTTP/1.1 202 Accepted"
2025-02-23 09:31:21,081 - httpcore.http11 - DEBUG - receive_response_body.started request=<Request [b'POST']>
2025-02-23 09:31:21,083 - httpcore.http11 - DEBUG - receive_response_body.complete
2025-02-23 09:31:21,088 - httpcore.http11 - DEBUG - response_closed.started
2025-02-23 09:31:21,089 - httpcore.http11 - DEBUG - response_closed.complete
2025-02-23 09:31:21,095 - httpcore.connection - DEBUG - close.started
2025-02-23 09:31:21,120 - httpcore.connection - DEBUG - close.complete
2025-02-23 09:31:21,124 - main - DEBUG - Return URL response: 202 - {"status":"error","status_code":400,"message":"timestamp is not an allowed value"}
2025-02-23 09:32:58,775 - main - INFO - Logger is working!
2025-02-23 09:33:02,969 - main - INFO - Logger is working!
2025-02-23 11:43:23,497 - main - INFO - Logger is working!
2025-02-23 11:43:29,740 - main - INFO - Logger is working!
2025-02-23 11:43:33,855 - main - INFO - Logger is working!
2025-02-23 11:43:41,287 - main - INFO - Logger is working!
2025-02-23 11:43:45,521 - main - INFO - Logger is working!
2025-02-23 11:43:48,647 - main - INFO - Logger is working!
